---
Process started at 22/11/2013 - 09:19:09
Process ended at 22/11/2013 - 09:19:09
---
---
Process started at 22/11/2013 - 09:21:38
Process ended at 22/11/2013 - 09:21:41
Error: Failed to execute. Parameters are not valid.
ERROR 000728: Field ,"40" Meters does not exist within table
Failed to execute (Buffer).

---
---
Process started at 22/11/2013 - 09:34:23
Process ended at 22/11/2013 - 09:34:23
Error: Failed to execute. Parameters are not valid.
ERROR 000732: Input Features: Dataset C:\Downloads\New does not exist or is not supported
Failed to execute (Buffer).

---
---
Process started at 22/11/2013 - 09:36:14
Process ended at 22/11/2013 - 09:36:14
Error: Failed to execute. Parameters are not valid.
ERROR 000732: Input Features: Dataset r"C:\Downloads\New does not exist or is not supported
Failed to execute (Buffer).

---
---
Process started at 22/11/2013 - 09:40:17
Process ended at 22/11/2013 - 09:40:17
Error: Failed to execute. Parameters are not valid.
ERROR 000732: Input Features: Dataset r"C:\Downloads\New does not exist or is not supported
Failed to execute (Buffer).

---
---
Process started at 22/11/2013 - 09:43:21
Process ended at 22/11/2013 - 09:43:30
---
---
Process started at 22/11/2013 - 09:44:53
Process ended at 22/11/2013 - 09:44:53
Error: global name 'dsdfsd' is not defined
---
---
Process started at 22/11/2013 - 09:51:46
Process ended at 22/11/2013 - 09:51:49
Error: ERROR 000210: Cannot create output C:\Downloads\New File Geodatabase.gdb\WairarapaWards\Output
Failed to execute (Buffer).

---
